  core.cpp
C:\Users\DELL\Documents\.txz\贪吃蛇\贪吃蛇\def.h(5,26): warning C4305: “初始化”: 从“double”到“const float”截断
C:\Users\DELL\Documents\.txz\贪吃蛇\贪吃蛇\def.h(6,32): warning C4305: “初始化”: 从“double”到“const float”截断
C:\Users\DELL\Documents\.txz\贪吃蛇\贪吃蛇\def.h(9,29): warning C4305: “初始化”: 从“double”到“const float”截断
C:\Users\DELL\Documents\.txz\贪吃蛇\贪吃蛇\core.cpp(37,8): warning C4305: “+=”: 从“double”到“float”截断
C:\Users\DELL\Documents\.txz\贪吃蛇\贪吃蛇\core.cpp(38,8): warning C4305: “+=”: 从“double”到“float”截断
C:\Users\DELL\Documents\.txz\贪吃蛇\贪吃蛇\core.cpp(39,8): warning C4305: “+=”: 从“double”到“float”截断
C:\Users\DELL\Documents\.txz\贪吃蛇\贪吃蛇\core.cpp(100,32): warning C4305: “初始化”: 从“double”到“float”截断
C:\Users\DELL\Documents\.txz\贪吃蛇\贪吃蛇\core.cpp(101,33): warning C4305: “初始化”: 从“double”到“float”截断
C:\Users\DELL\Documents\.txz\贪吃蛇\贪吃蛇\core.cpp(131,10): warning C4244: “初始化”: 从“double”转换到“float”，可能丢失数据
C:\Users\DELL\Documents\.txz\贪吃蛇\贪吃蛇\core.cpp(132,10): warning C4244: “初始化”: 从“double”转换到“float”，可能丢失数据
C:\Users\DELL\Documents\.txz\贪吃蛇\贪吃蛇\core.cpp(149,18): warning C4244: “=”: 从“time_t”转换到“int”，可能丢失数据
D:\Program Files\Microsoft Visual Studio\2022\Community\VC\Tools\MSVC\14.31.31103\include\xstring(2584,23): warning C4244: “参数”: 从“const wchar_t”转换到“const _Elem”，可能丢失数据
          with
          [
              _Elem=char
          ]
D:\Program Files\Microsoft Visual Studio\2022\Community\VC\Tools\MSVC\14.31.31103\include\xstring(2595): message : 查看对正在编译的函数 模板 实例化“void std::basic_string<char,std::char_traits<char>,std::allocator<char>>::_Construct<const wchar_t*>(_Iter,const _Iter,std::input_iterator_tag)”的引用
          with
          [
              _Iter=const wchar_t *
          ]
D:\Program Files\Microsoft Visual Studio\2022\Community\VC\Tools\MSVC\14.31.31103\include\xstring(2595): message : 查看对正在编译的函数 模板 实例化“void std::basic_string<char,std::char_traits<char>,std::allocator<char>>::_Construct<const wchar_t*>(_Iter,const _Iter,std::input_iterator_tag)”的引用
          with
          [
              _Iter=const wchar_t *
          ]
D:\Program Files\Microsoft Visual Studio\2022\Community\VC\Tools\MSVC\14.31.31103\include\xstring(2575): message : 查看对正在编译的函数 模板 实例化“void std::basic_string<char,std::char_traits<char>,std::allocator<char>>::_Construct<const wchar_t*>(const _Iter,const _Iter,std::forward_iterator_tag)”的引用
          with
          [
              _Iter=const wchar_t *
          ]
D:\Program Files\Microsoft Visual Studio\2022\Community\VC\Tools\MSVC\14.31.31103\include\xstring(2575): message : 查看对正在编译的函数 模板 实例化“void std::basic_string<char,std::char_traits<char>,std::allocator<char>>::_Construct<const wchar_t*>(const _Iter,const _Iter,std::forward_iterator_tag)”的引用
          with
          [
              _Iter=const wchar_t *
          ]
C:\Users\DELL\Documents\.txz\贪吃蛇\贪吃蛇\core.cpp(55): message : 查看对正在编译的函数 模板 实例化“std::basic_string<char,std::char_traits<char>,std::allocator<char>>::basic_string<std::_Vector_const_iterator<std::_Vector_val<std::_Simple_types<_Elem>>>,0>(_Iter,_Iter,const _Alloc &)”的引用
          with
          [
              _Elem=wchar_t,
              _Iter=std::_Vector_const_iterator<std::_Vector_val<std::_Simple_types<wchar_t>>>,
              _Alloc=std::allocator<char>
          ]
C:\Users\DELL\Documents\.txz\贪吃蛇\贪吃蛇\core.cpp(55): message : 查看对正在编译的函数 模板 实例化“std::basic_string<char,std::char_traits<char>,std::allocator<char>>::basic_string<std::_Vector_const_iterator<std::_Vector_val<std::_Simple_types<_Elem>>>,0>(_Iter,_Iter,const _Alloc &)”的引用
          with
          [
              _Elem=wchar_t,
              _Iter=std::_Vector_const_iterator<std::_Vector_val<std::_Simple_types<wchar_t>>>,
              _Alloc=std::allocator<char>
          ]
  init.cpp
C:\Users\DELL\Documents\.txz\贪吃蛇\贪吃蛇\def.h(5,26): warning C4305: “初始化”: 从“double”到“const float”截断
C:\Users\DELL\Documents\.txz\贪吃蛇\贪吃蛇\def.h(6,32): warning C4305: “初始化”: 从“double”到“const float”截断
C:\Users\DELL\Documents\.txz\贪吃蛇\贪吃蛇\def.h(9,29): warning C4305: “初始化”: 从“double”到“const float”截断
C:\Users\DELL\Documents\.txz\贪吃蛇\贪吃蛇\init.cpp(11,28): warning C4244: “=”: 从“double”转换到“float”，可能丢失数据
  main.cpp
C:\Users\DELL\Documents\.txz\贪吃蛇\贪吃蛇\def.h(5,26): warning C4305: “初始化”: 从“double”到“const float”截断
C:\Users\DELL\Documents\.txz\贪吃蛇\贪吃蛇\def.h(6,32): warning C4305: “初始化”: 从“double”到“const float”截断
C:\Users\DELL\Documents\.txz\贪吃蛇\贪吃蛇\def.h(9,29): warning C4305: “初始化”: 从“double”到“const float”截断
D:\Windows Kits\10\Include\10.0.19041.0\shared\minwindef.h(130,1): warning C4005: “APIENTRY”: 宏重定义
C:\Users\DELL\Documents\.txz\贪吃蛇\include\glad\glad.h(32): message : 参见“APIENTRY”的前一个定义
  net.cpp
C:\Users\DELL\Documents\.txz\贪吃蛇\贪吃蛇\def.h(5,26): warning C4305: “初始化”: 从“double”到“const float”截断
C:\Users\DELL\Documents\.txz\贪吃蛇\贪吃蛇\def.h(6,32): warning C4305: “初始化”: 从“double”到“const float”截断
C:\Users\DELL\Documents\.txz\贪吃蛇\贪吃蛇\def.h(9,29): warning C4305: “初始化”: 从“double”到“const float”截断
  shell.cpp
C:\Users\DELL\Documents\.txz\贪吃蛇\贪吃蛇\def.h(5,26): warning C4305: “初始化”: 从“double”到“const float”截断
C:\Users\DELL\Documents\.txz\贪吃蛇\贪吃蛇\def.h(6,32): warning C4305: “初始化”: 从“double”到“const float”截断
C:\Users\DELL\Documents\.txz\贪吃蛇\贪吃蛇\def.h(9,29): warning C4305: “初始化”: 从“double”到“const float”截断
C:\Users\DELL\Documents\.txz\贪吃蛇\贪吃蛇\shell.cpp(67,90): warning C4267: “参数”: 从“size_t”转换到“int”，可能丢失数据
C:\Users\DELL\Documents\.txz\贪吃蛇\贪吃蛇\shell.cpp(92,13): warning C4244: “=”: 从“wchar_t”转换到“char”，可能丢失数据
C:\Users\DELL\Documents\.txz\贪吃蛇\贪吃蛇\shell.cpp(124,61): warning C4244: “-=”: 从“double”转换到“float”，可能丢失数据
C:\Users\DELL\Documents\.txz\贪吃蛇\贪吃蛇\shell.cpp(129,59): warning C4244: “+=”: 从“double”转换到“float”，可能丢失数据
C:\Users\DELL\Documents\.txz\贪吃蛇\贪吃蛇\shell.cpp(155,60): warning C4244: “-=”: 从“double”转换到“float”，可能丢失数据
C:\Users\DELL\Documents\.txz\贪吃蛇\贪吃蛇\shell.cpp(190,50): warning C4244: “+=”: 从“double”转换到“float”，可能丢失数据
C:\Users\DELL\Documents\.txz\贪吃蛇\贪吃蛇\shell.cpp(252,13): warning C4244: “=”: 从“wchar_t”转换到“char”，可能丢失数据
C:\Users\DELL\Documents\.txz\贪吃蛇\贪吃蛇\shell.cpp(291,68): warning C4244: “参数”: 从“double”转换到“GLfloat”，可能丢失数据
C:\Users\DELL\Documents\.txz\贪吃蛇\贪吃蛇\shell.cpp(291,55): warning C4244: “参数”: 从“double”转换到“GLfloat”，可能丢失数据
C:\Users\DELL\Documents\.txz\贪吃蛇\贪吃蛇\shell.cpp(292,48): warning C4244: “参数”: 从“double”转换到“GLfloat”，可能丢失数据
C:\Users\DELL\Documents\.txz\贪吃蛇\贪吃蛇\shell.cpp(292,39): warning C4244: “参数”: 从“double”转换到“GLfloat”，可能丢失数据
C:\Users\DELL\Documents\.txz\贪吃蛇\贪吃蛇\shell.cpp(315,76): warning C4305: “参数”: 从“double”到“float”截断
C:\Users\DELL\Documents\.txz\贪吃蛇\贪吃蛇\shell.cpp(315,46): warning C4244: “参数”: 从“double”转换到“float”，可能丢失数据
C:\Users\DELL\Documents\.txz\贪吃蛇\贪吃蛇\shell.cpp(316,90): warning C4305: “参数”: 从“double”到“float”截断
C:\Users\DELL\Documents\.txz\贪吃蛇\贪吃蛇\shell.cpp(316,58): warning C4244: “参数”: 从“double”转换到“float”，可能丢失数据
C:\Users\DELL\Documents\.txz\贪吃蛇\贪吃蛇\shell.cpp(319,80): warning C4305: “参数”: 从“double”到“float”截断
C:\Users\DELL\Documents\.txz\贪吃蛇\贪吃蛇\shell.cpp(319,55): warning C4244: “参数”: 从“double”转换到“float”，可能丢失数据
C:\Users\DELL\Documents\.txz\贪吃蛇\贪吃蛇\shell.cpp(322,80): warning C4305: “参数”: 从“double”到“float”截断
C:\Users\DELL\Documents\.txz\贪吃蛇\贪吃蛇\shell.cpp(322,55): warning C4244: “参数”: 从“double”转换到“float”，可能丢失数据
C:\Users\DELL\Documents\.txz\贪吃蛇\贪吃蛇\shell.cpp(326,107): warning C4305: “参数”: 从“double”到“float”截断
C:\Users\DELL\Documents\.txz\贪吃蛇\贪吃蛇\shell.cpp(326,82): warning C4244: “参数”: 从“double”转换到“float”，可能丢失数据
C:\Users\DELL\Documents\.txz\贪吃蛇\贪吃蛇\shell.cpp(329,91): warning C4305: “参数”: 从“double”到“float”截断
C:\Users\DELL\Documents\.txz\贪吃蛇\贪吃蛇\shell.cpp(329,61): warning C4244: “参数”: 从“double”转换到“float”，可能丢失数据
C:\Users\DELL\Documents\.txz\贪吃蛇\贪吃蛇\shell.cpp(331,81): warning C4305: “参数”: 从“double”到“float”截断
C:\Users\DELL\Documents\.txz\贪吃蛇\贪吃蛇\shell.cpp(331,53): warning C4244: “参数”: 从“double”转换到“float”，可能丢失数据
C:\Users\DELL\Documents\.txz\贪吃蛇\贪吃蛇\shell.cpp(334,65): warning C4305: “参数”: 从“double”到“float”截断
C:\Users\DELL\Documents\.txz\贪吃蛇\贪吃蛇\shell.cpp(334,32): warning C4244: “参数”: 从“double”转换到“float”，可能丢失数据
C:\Users\DELL\Documents\.txz\贪吃蛇\贪吃蛇\shell.cpp(337,66): warning C4305: “参数”: 从“double”到“float”截断
C:\Users\DELL\Documents\.txz\贪吃蛇\贪吃蛇\shell.cpp(337,32): warning C4244: “参数”: 从“double”转换到“float”，可能丢失数据
C:\Users\DELL\Documents\.txz\贪吃蛇\贪吃蛇\shell.cpp(344,46): warning C4305: “参数”: 从“double”到“GLfloat”截断
C:\Users\DELL\Documents\.txz\贪吃蛇\贪吃蛇\shell.cpp(344,35): warning C4244: “参数”: 从“double”转换到“GLfloat”，可能丢失数据
C:\Users\DELL\Documents\.txz\贪吃蛇\贪吃蛇\shell.cpp(350,208): warning C4244: “参数”: 从“double”转换到“GLfloat”，可能丢失数据
C:\Users\DELL\Documents\.txz\贪吃蛇\贪吃蛇\shell.cpp(350,130): warning C4244: “参数”: 从“double”转换到“GLfloat”，可能丢失数据
C:\Users\DELL\Documents\.txz\贪吃蛇\贪吃蛇\shell.cpp(352,208): warning C4244: “参数”: 从“double”转换到“GLfloat”，可能丢失数据
C:\Users\DELL\Documents\.txz\贪吃蛇\贪吃蛇\shell.cpp(352,130): warning C4244: “参数”: 从“double”转换到“GLfloat”，可能丢失数据
C:\Users\DELL\Documents\.txz\贪吃蛇\贪吃蛇\shell.cpp(401,16): warning C4305: “初始化”: 从“double”到“float”截断
C:\Users\DELL\Documents\.txz\贪吃蛇\贪吃蛇\shell.cpp(410,78): warning C4305: “参数”: 从“double”到“float”截断
C:\Users\DELL\Documents\.txz\贪吃蛇\贪吃蛇\shell.cpp(410,23): warning C4244: “参数”: 从“double”转换到“float”，可能丢失数据
C:\Users\DELL\Documents\.txz\贪吃蛇\贪吃蛇\shell.cpp(411,12): warning C4305: “-=”: 从“double”到“float”截断
C:\Users\DELL\Documents\.txz\贪吃蛇\贪吃蛇\shell.cpp(417,58): warning C4305: “参数”: 从“double”到“float”截断
C:\Users\DELL\Documents\.txz\贪吃蛇\贪吃蛇\shell.cpp(417,32): warning C4244: “参数”: 从“double”转换到“float”，可能丢失数据
C:\Users\DELL\Documents\.txz\贪吃蛇\贪吃蛇\shell.cpp(420,63): warning C4305: “参数”: 从“double”到“float”截断
C:\Users\DELL\Documents\.txz\贪吃蛇\贪吃蛇\shell.cpp(420,32): warning C4244: “参数”: 从“double”转换到“float”，可能丢失数据
C:\Users\DELL\Documents\.txz\贪吃蛇\贪吃蛇\shell.cpp(427,73): warning C4305: “参数”: 从“double”到“float”截断
C:\Users\DELL\Documents\.txz\贪吃蛇\贪吃蛇\shell.cpp(427,40): warning C4244: “参数”: 从“double”转换到“float”，可能丢失数据
C:\Users\DELL\Documents\.txz\贪吃蛇\贪吃蛇\shell.cpp(430,111): warning C4305: “参数”: 从“double”到“float”截断
C:\Users\DELL\Documents\.txz\贪吃蛇\贪吃蛇\shell.cpp(430,78): warning C4244: “参数”: 从“double”转换到“float”，可能丢失数据
C:\Users\DELL\Documents\.txz\贪吃蛇\贪吃蛇\shell.cpp(435,76): warning C4305: “参数”: 从“double”到“float”截断
C:\Users\DELL\Documents\.txz\贪吃蛇\贪吃蛇\shell.cpp(435,46): warning C4244: “参数”: 从“double”转换到“float”，可能丢失数据
C:\Users\DELL\Documents\.txz\贪吃蛇\贪吃蛇\shell.cpp(456,73): warning C4305: “参数”: 从“double”到“float”截断
C:\Users\DELL\Documents\.txz\贪吃蛇\贪吃蛇\shell.cpp(457,73): warning C4305: “参数”: 从“double”到“float”截断
C:\Users\DELL\Documents\.txz\贪吃蛇\贪吃蛇\shell.cpp(460,47): warning C4305: “参数”: 从“double”到“float”截断
C:\Users\DELL\Documents\.txz\贪吃蛇\贪吃蛇\shell.cpp(460,19): warning C4244: “参数”: 从“double”转换到“float”，可能丢失数据
C:\Users\DELL\Documents\.txz\贪吃蛇\贪吃蛇\shell.cpp(461,61): warning C4305: “参数”: 从“double”到“float”截断
C:\Users\DELL\Documents\.txz\贪吃蛇\贪吃蛇\shell.cpp(464,47): warning C4305: “参数”: 从“double”到“float”截断
C:\Users\DELL\Documents\.txz\贪吃蛇\贪吃蛇\shell.cpp(464,19): warning C4244: “参数”: 从“double”转换到“float”，可能丢失数据
C:\Users\DELL\Documents\.txz\贪吃蛇\贪吃蛇\shell.cpp(465,61): warning C4305: “参数”: 从“double”到“float”截断
C:\Users\DELL\Documents\.txz\贪吃蛇\贪吃蛇\shell.cpp(469,46): warning C4305: “参数”: 从“double”到“float”截断
C:\Users\DELL\Documents\.txz\贪吃蛇\贪吃蛇\shell.cpp(469,18): warning C4244: “参数”: 从“double”转换到“float”，可能丢失数据
C:\Users\DELL\Documents\.txz\贪吃蛇\贪吃蛇\shell.cpp(471,11): warning C4305: “-=”: 从“double”到“float”截断
C:\Users\DELL\Documents\.txz\贪吃蛇\贪吃蛇\shell.cpp(474,72): warning C4305: “参数”: 从“double”到“float”截断
C:\Users\DELL\Documents\.txz\贪吃蛇\贪吃蛇\shell.cpp(474,39): warning C4244: “参数”: 从“double”转换到“float”，可能丢失数据
C:\Users\DELL\Documents\.txz\贪吃蛇\贪吃蛇\shell.cpp(479,76): warning C4305: “参数”: 从“double”到“float”截断
C:\Users\DELL\Documents\.txz\贪吃蛇\贪吃蛇\shell.cpp(479,46): warning C4244: “参数”: 从“double”转换到“float”，可能丢失数据
C:\Users\DELL\Documents\.txz\贪吃蛇\贪吃蛇\shell.cpp(487,106): warning C4305: “参数”: 从“double”到“float”截断
C:\Users\DELL\Documents\.txz\贪吃蛇\贪吃蛇\shell.cpp(487,75): warning C4244: “参数”: 从“double”转换到“float”，可能丢失数据
C:\Users\DELL\Documents\.txz\贪吃蛇\贪吃蛇\shell.cpp(490,104): warning C4305: “参数”: 从“double”到“float”截断
C:\Users\DELL\Documents\.txz\贪吃蛇\贪吃蛇\shell.cpp(490,74): warning C4244: “参数”: 从“double”转换到“float”，可能丢失数据
C:\Users\DELL\Documents\.txz\贪吃蛇\贪吃蛇\shell.cpp(493,120): warning C4305: “参数”: 从“double”到“float”截断
C:\Users\DELL\Documents\.txz\贪吃蛇\贪吃蛇\shell.cpp(493,89): warning C4244: “参数”: 从“double”转换到“float”，可能丢失数据
C:\Users\DELL\Documents\.txz\贪吃蛇\贪吃蛇\shell.cpp(496,118): warning C4305: “参数”: 从“double”到“float”截断
C:\Users\DELL\Documents\.txz\贪吃蛇\贪吃蛇\shell.cpp(496,88): warning C4244: “参数”: 从“double”转换到“float”，可能丢失数据
C:\Users\DELL\Documents\.txz\贪吃蛇\贪吃蛇\shell.cpp(503,86): warning C4305: “参数”: 从“double”到“float”截断
C:\Users\DELL\Documents\.txz\贪吃蛇\贪吃蛇\shell.cpp(503,54): warning C4244: “参数”: 从“double”转换到“float”，可能丢失数据
C:\Users\DELL\Documents\.txz\贪吃蛇\贪吃蛇\shell.cpp(504,64): warning C4305: “参数”: 从“double”到“float”截断
C:\Users\DELL\Documents\.txz\贪吃蛇\贪吃蛇\shell.cpp(504,39): warning C4244: “参数”: 从“double”转换到“float”，可能丢失数据
C:\Users\DELL\Documents\.txz\贪吃蛇\贪吃蛇\shell.cpp(505,64): warning C4305: “参数”: 从“double”到“float”截断
C:\Users\DELL\Documents\.txz\贪吃蛇\贪吃蛇\shell.cpp(505,39): warning C4244: “参数”: 从“double”转换到“float”，可能丢失数据
C:\Users\DELL\Documents\.txz\贪吃蛇\贪吃蛇\shell.cpp(507,85): warning C4305: “参数”: 从“double”到“float”截断
C:\Users\DELL\Documents\.txz\贪吃蛇\贪吃蛇\shell.cpp(507,54): warning C4244: “参数”: 从“double”转换到“float”，可能丢失数据
C:\Users\DELL\Documents\.txz\贪吃蛇\贪吃蛇\shell.cpp(510,71): warning C4305: “参数”: 从“double”到“float”截断
C:\Users\DELL\Documents\.txz\贪吃蛇\贪吃蛇\shell.cpp(510,43): warning C4244: “参数”: 从“double”转换到“float”，可能丢失数据
C:\Users\DELL\Documents\.txz\贪吃蛇\贪吃蛇\shell.cpp(513,14): warning C4244: “初始化”: 从“double”转换到“float”，可能丢失数据
  sync.cpp
C:\Users\DELL\Documents\.txz\贪吃蛇\贪吃蛇\def.h(5,26): warning C4305: “初始化”: 从“double”到“const float”截断
C:\Users\DELL\Documents\.txz\贪吃蛇\贪吃蛇\def.h(6,32): warning C4305: “初始化”: 从“double”到“const float”截断
C:\Users\DELL\Documents\.txz\贪吃蛇\贪吃蛇\def.h(9,29): warning C4305: “初始化”: 从“double”到“const float”截断
C:\Users\DELL\Documents\.txz\贪吃蛇\贪吃蛇\sync.cpp(74,18): warning C4244: “参数”: 从“double”转换到“float”，可能丢失数据
C:\Users\DELL\Documents\.txz\贪吃蛇\贪吃蛇\sync.cpp(75,19): warning C4244: “参数”: 从“double”转换到“float”，可能丢失数据
C:\Users\DELL\Documents\.txz\贪吃蛇\贪吃蛇\sync.cpp(78,17): warning C4244: “=”: 从“double”转换到“float”，可能丢失数据
C:\Users\DELL\Documents\.txz\贪吃蛇\贪吃蛇\sync.cpp(79,17): warning C4244: “=”: 从“double”转换到“float”，可能丢失数据
C:\Users\DELL\Documents\.txz\贪吃蛇\贪吃蛇\sync.cpp(255,90): warning C4267: “参数”: 从“size_t”转换到“int”，可能丢失数据
LINK : warning LNK4098: 默认库“LIBCMT”与其他库的使用冲突；请使用 /NODEFAULTLIB:library
  正在生成代码
  0 of 1165 functions ( 0.0%) were compiled, the rest were copied from previous compilation.
    0 functions were new in current compilation
    0 functions had inline decision re-evaluated but remain unchanged
  已完成代码的生成
  贪吃蛇.vcxproj -> C:\Users\DELL\Documents\.txz\贪吃蛇\x64\Release\贪吃蛇.exe
