  shell.cpp
C:\Users\TongXiangZheng\source\code\贪吃蛇\贪吃蛇\def.h(6,26): warning C4305: “初始化”: 从“double”到“const float”截断
C:\Users\TongXiangZheng\source\code\贪吃蛇\贪吃蛇\def.h(7,32): warning C4305: “初始化”: 从“double”到“const float”截断
C:\Users\TongXiangZheng\source\code\贪吃蛇\贪吃蛇\def.h(10,29): warning C4305: “初始化”: 从“double”到“const float”截断
C:\Users\TongXiangZheng\source\code\贪吃蛇\贪吃蛇\shell.cpp(67,90): warning C4267: “参数”: 从“size_t”转换到“int”，可能丢失数据
C:\Users\TongXiangZheng\source\code\贪吃蛇\贪吃蛇\shell.cpp(92,13): warning C4244: “=”: 从“wchar_t”转换到“char”，可能丢失数据
C:\Users\TongXiangZheng\source\code\贪吃蛇\贪吃蛇\shell.cpp(124,61): warning C4244: “-=”: 从“double”转换到“float”，可能丢失数据
C:\Users\TongXiangZheng\source\code\贪吃蛇\贪吃蛇\shell.cpp(129,59): warning C4244: “+=”: 从“double”转换到“float”，可能丢失数据
C:\Users\TongXiangZheng\source\code\贪吃蛇\贪吃蛇\shell.cpp(155,60): warning C4244: “-=”: 从“double”转换到“float”，可能丢失数据
C:\Users\TongXiangZheng\source\code\贪吃蛇\贪吃蛇\shell.cpp(190,50): warning C4244: “+=”: 从“double”转换到“float”，可能丢失数据
C:\Users\TongXiangZheng\source\code\贪吃蛇\贪吃蛇\shell.cpp(252,13): warning C4244: “=”: 从“wchar_t”转换到“char”，可能丢失数据
C:\Users\TongXiangZheng\source\code\贪吃蛇\贪吃蛇\shell.cpp(291,68): warning C4244: “参数”: 从“double”转换到“GLfloat”，可能丢失数据
C:\Users\TongXiangZheng\source\code\贪吃蛇\贪吃蛇\shell.cpp(291,55): warning C4244: “参数”: 从“double”转换到“GLfloat”，可能丢失数据
C:\Users\TongXiangZheng\source\code\贪吃蛇\贪吃蛇\shell.cpp(292,48): warning C4244: “参数”: 从“double”转换到“GLfloat”，可能丢失数据
C:\Users\TongXiangZheng\source\code\贪吃蛇\贪吃蛇\shell.cpp(292,39): warning C4244: “参数”: 从“double”转换到“GLfloat”，可能丢失数据
C:\Users\TongXiangZheng\source\code\贪吃蛇\贪吃蛇\shell.cpp(315,76): warning C4305: “参数”: 从“double”到“float”截断
C:\Users\TongXiangZheng\source\code\贪吃蛇\贪吃蛇\shell.cpp(315,46): warning C4244: “参数”: 从“double”转换到“float”，可能丢失数据
C:\Users\TongXiangZheng\source\code\贪吃蛇\贪吃蛇\shell.cpp(316,90): warning C4305: “参数”: 从“double”到“float”截断
C:\Users\TongXiangZheng\source\code\贪吃蛇\贪吃蛇\shell.cpp(316,58): warning C4244: “参数”: 从“double”转换到“float”，可能丢失数据
C:\Users\TongXiangZheng\source\code\贪吃蛇\贪吃蛇\shell.cpp(319,80): warning C4305: “参数”: 从“double”到“float”截断
C:\Users\TongXiangZheng\source\code\贪吃蛇\贪吃蛇\shell.cpp(319,55): warning C4244: “参数”: 从“double”转换到“float”，可能丢失数据
C:\Users\TongXiangZheng\source\code\贪吃蛇\贪吃蛇\shell.cpp(322,80): warning C4305: “参数”: 从“double”到“float”截断
C:\Users\TongXiangZheng\source\code\贪吃蛇\贪吃蛇\shell.cpp(322,55): warning C4244: “参数”: 从“double”转换到“float”，可能丢失数据
C:\Users\TongXiangZheng\source\code\贪吃蛇\贪吃蛇\shell.cpp(326,107): warning C4305: “参数”: 从“double”到“float”截断
C:\Users\TongXiangZheng\source\code\贪吃蛇\贪吃蛇\shell.cpp(326,82): warning C4244: “参数”: 从“double”转换到“float”，可能丢失数据
C:\Users\TongXiangZheng\source\code\贪吃蛇\贪吃蛇\shell.cpp(329,91): warning C4305: “参数”: 从“double”到“float”截断
C:\Users\TongXiangZheng\source\code\贪吃蛇\贪吃蛇\shell.cpp(329,61): warning C4244: “参数”: 从“double”转换到“float”，可能丢失数据
C:\Users\TongXiangZheng\source\code\贪吃蛇\贪吃蛇\shell.cpp(331,81): warning C4305: “参数”: 从“double”到“float”截断
C:\Users\TongXiangZheng\source\code\贪吃蛇\贪吃蛇\shell.cpp(331,53): warning C4244: “参数”: 从“double”转换到“float”，可能丢失数据
C:\Users\TongXiangZheng\source\code\贪吃蛇\贪吃蛇\shell.cpp(334,65): warning C4305: “参数”: 从“double”到“float”截断
C:\Users\TongXiangZheng\source\code\贪吃蛇\贪吃蛇\shell.cpp(334,32): warning C4244: “参数”: 从“double”转换到“float”，可能丢失数据
C:\Users\TongXiangZheng\source\code\贪吃蛇\贪吃蛇\shell.cpp(337,66): warning C4305: “参数”: 从“double”到“float”截断
C:\Users\TongXiangZheng\source\code\贪吃蛇\贪吃蛇\shell.cpp(337,32): warning C4244: “参数”: 从“double”转换到“float”，可能丢失数据
C:\Users\TongXiangZheng\source\code\贪吃蛇\贪吃蛇\shell.cpp(344,46): warning C4305: “参数”: 从“double”到“GLfloat”截断
C:\Users\TongXiangZheng\source\code\贪吃蛇\贪吃蛇\shell.cpp(344,35): warning C4244: “参数”: 从“double”转换到“GLfloat”，可能丢失数据
C:\Users\TongXiangZheng\source\code\贪吃蛇\贪吃蛇\shell.cpp(350,208): warning C4244: “参数”: 从“double”转换到“GLfloat”，可能丢失数据
C:\Users\TongXiangZheng\source\code\贪吃蛇\贪吃蛇\shell.cpp(350,130): warning C4244: “参数”: 从“double”转换到“GLfloat”，可能丢失数据
C:\Users\TongXiangZheng\source\code\贪吃蛇\贪吃蛇\shell.cpp(352,208): warning C4244: “参数”: 从“double”转换到“GLfloat”，可能丢失数据
C:\Users\TongXiangZheng\source\code\贪吃蛇\贪吃蛇\shell.cpp(352,130): warning C4244: “参数”: 从“double”转换到“GLfloat”，可能丢失数据
C:\Users\TongXiangZheng\source\code\贪吃蛇\贪吃蛇\shell.cpp(401,16): warning C4305: “初始化”: 从“double”到“float”截断
C:\Users\TongXiangZheng\source\code\贪吃蛇\贪吃蛇\shell.cpp(410,78): warning C4305: “参数”: 从“double”到“float”截断
C:\Users\TongXiangZheng\source\code\贪吃蛇\贪吃蛇\shell.cpp(410,23): warning C4244: “参数”: 从“double”转换到“float”，可能丢失数据
C:\Users\TongXiangZheng\source\code\贪吃蛇\贪吃蛇\shell.cpp(411,12): warning C4305: “-=”: 从“double”到“float”截断
C:\Users\TongXiangZheng\source\code\贪吃蛇\贪吃蛇\shell.cpp(417,58): warning C4305: “参数”: 从“double”到“float”截断
C:\Users\TongXiangZheng\source\code\贪吃蛇\贪吃蛇\shell.cpp(417,32): warning C4244: “参数”: 从“double”转换到“float”，可能丢失数据
C:\Users\TongXiangZheng\source\code\贪吃蛇\贪吃蛇\shell.cpp(420,63): warning C4305: “参数”: 从“double”到“float”截断
C:\Users\TongXiangZheng\source\code\贪吃蛇\贪吃蛇\shell.cpp(420,32): warning C4244: “参数”: 从“double”转换到“float”，可能丢失数据
C:\Users\TongXiangZheng\source\code\贪吃蛇\贪吃蛇\shell.cpp(427,73): warning C4305: “参数”: 从“double”到“float”截断
C:\Users\TongXiangZheng\source\code\贪吃蛇\贪吃蛇\shell.cpp(427,40): warning C4244: “参数”: 从“double”转换到“float”，可能丢失数据
C:\Users\TongXiangZheng\source\code\贪吃蛇\贪吃蛇\shell.cpp(430,111): warning C4305: “参数”: 从“double”到“float”截断
C:\Users\TongXiangZheng\source\code\贪吃蛇\贪吃蛇\shell.cpp(430,78): warning C4244: “参数”: 从“double”转换到“float”，可能丢失数据
C:\Users\TongXiangZheng\source\code\贪吃蛇\贪吃蛇\shell.cpp(435,76): warning C4305: “参数”: 从“double”到“float”截断
C:\Users\TongXiangZheng\source\code\贪吃蛇\贪吃蛇\shell.cpp(435,46): warning C4244: “参数”: 从“double”转换到“float”，可能丢失数据
C:\Users\TongXiangZheng\source\code\贪吃蛇\贪吃蛇\shell.cpp(456,73): warning C4305: “参数”: 从“double”到“float”截断
C:\Users\TongXiangZheng\source\code\贪吃蛇\贪吃蛇\shell.cpp(457,73): warning C4305: “参数”: 从“double”到“float”截断
C:\Users\TongXiangZheng\source\code\贪吃蛇\贪吃蛇\shell.cpp(460,47): warning C4305: “参数”: 从“double”到“float”截断
C:\Users\TongXiangZheng\source\code\贪吃蛇\贪吃蛇\shell.cpp(460,19): warning C4244: “参数”: 从“double”转换到“float”，可能丢失数据
C:\Users\TongXiangZheng\source\code\贪吃蛇\贪吃蛇\shell.cpp(461,61): warning C4305: “参数”: 从“double”到“float”截断
C:\Users\TongXiangZheng\source\code\贪吃蛇\贪吃蛇\shell.cpp(464,47): warning C4305: “参数”: 从“double”到“float”截断
C:\Users\TongXiangZheng\source\code\贪吃蛇\贪吃蛇\shell.cpp(464,19): warning C4244: “参数”: 从“double”转换到“float”，可能丢失数据
C:\Users\TongXiangZheng\source\code\贪吃蛇\贪吃蛇\shell.cpp(465,61): warning C4305: “参数”: 从“double”到“float”截断
C:\Users\TongXiangZheng\source\code\贪吃蛇\贪吃蛇\shell.cpp(469,46): warning C4305: “参数”: 从“double”到“float”截断
C:\Users\TongXiangZheng\source\code\贪吃蛇\贪吃蛇\shell.cpp(469,18): warning C4244: “参数”: 从“double”转换到“float”，可能丢失数据
C:\Users\TongXiangZheng\source\code\贪吃蛇\贪吃蛇\shell.cpp(471,11): warning C4305: “-=”: 从“double”到“float”截断
C:\Users\TongXiangZheng\source\code\贪吃蛇\贪吃蛇\shell.cpp(474,72): warning C4305: “参数”: 从“double”到“float”截断
C:\Users\TongXiangZheng\source\code\贪吃蛇\贪吃蛇\shell.cpp(474,39): warning C4244: “参数”: 从“double”转换到“float”，可能丢失数据
C:\Users\TongXiangZheng\source\code\贪吃蛇\贪吃蛇\shell.cpp(479,76): warning C4305: “参数”: 从“double”到“float”截断
C:\Users\TongXiangZheng\source\code\贪吃蛇\贪吃蛇\shell.cpp(479,46): warning C4244: “参数”: 从“double”转换到“float”，可能丢失数据
C:\Users\TongXiangZheng\source\code\贪吃蛇\贪吃蛇\shell.cpp(487,106): warning C4305: “参数”: 从“double”到“float”截断
C:\Users\TongXiangZheng\source\code\贪吃蛇\贪吃蛇\shell.cpp(487,75): warning C4244: “参数”: 从“double”转换到“float”，可能丢失数据
C:\Users\TongXiangZheng\source\code\贪吃蛇\贪吃蛇\shell.cpp(490,104): warning C4305: “参数”: 从“double”到“float”截断
C:\Users\TongXiangZheng\source\code\贪吃蛇\贪吃蛇\shell.cpp(490,74): warning C4244: “参数”: 从“double”转换到“float”，可能丢失数据
C:\Users\TongXiangZheng\source\code\贪吃蛇\贪吃蛇\shell.cpp(493,120): warning C4305: “参数”: 从“double”到“float”截断
C:\Users\TongXiangZheng\source\code\贪吃蛇\贪吃蛇\shell.cpp(493,89): warning C4244: “参数”: 从“double”转换到“float”，可能丢失数据
C:\Users\TongXiangZheng\source\code\贪吃蛇\贪吃蛇\shell.cpp(496,118): warning C4305: “参数”: 从“double”到“float”截断
C:\Users\TongXiangZheng\source\code\贪吃蛇\贪吃蛇\shell.cpp(496,88): warning C4244: “参数”: 从“double”转换到“float”，可能丢失数据
C:\Users\TongXiangZheng\source\code\贪吃蛇\贪吃蛇\shell.cpp(503,86): warning C4305: “参数”: 从“double”到“float”截断
C:\Users\TongXiangZheng\source\code\贪吃蛇\贪吃蛇\shell.cpp(503,54): warning C4244: “参数”: 从“double”转换到“float”，可能丢失数据
C:\Users\TongXiangZheng\source\code\贪吃蛇\贪吃蛇\shell.cpp(504,64): warning C4305: “参数”: 从“double”到“float”截断
C:\Users\TongXiangZheng\source\code\贪吃蛇\贪吃蛇\shell.cpp(504,39): warning C4244: “参数”: 从“double”转换到“float”，可能丢失数据
C:\Users\TongXiangZheng\source\code\贪吃蛇\贪吃蛇\shell.cpp(505,64): warning C4305: “参数”: 从“double”到“float”截断
C:\Users\TongXiangZheng\source\code\贪吃蛇\贪吃蛇\shell.cpp(505,39): warning C4244: “参数”: 从“double”转换到“float”，可能丢失数据
C:\Users\TongXiangZheng\source\code\贪吃蛇\贪吃蛇\shell.cpp(507,85): warning C4305: “参数”: 从“double”到“float”截断
C:\Users\TongXiangZheng\source\code\贪吃蛇\贪吃蛇\shell.cpp(507,54): warning C4244: “参数”: 从“double”转换到“float”，可能丢失数据
C:\Users\TongXiangZheng\source\code\贪吃蛇\贪吃蛇\shell.cpp(510,71): warning C4305: “参数”: 从“double”到“float”截断
C:\Users\TongXiangZheng\source\code\贪吃蛇\贪吃蛇\shell.cpp(510,43): warning C4244: “参数”: 从“double”转换到“float”，可能丢失数据
C:\Users\TongXiangZheng\source\code\贪吃蛇\贪吃蛇\shell.cpp(513,14): warning C4244: “初始化”: 从“double”转换到“float”，可能丢失数据
  贪吃蛇.vcxproj -> C:\Users\TongXiangZheng\source\code\贪吃蛇\x64\Debug\贪吃蛇.exe
